<?xml version="1.0" encoding="UTF-8"?>
<testsuite name="com.example.kollok_prep.KollokPrepApplicationTests" tests="3" skipped="0" failures="0" errors="0" timestamp="2024-11-26T06:39:36" hostname="LAPTOP-4FLDCJLD" time="0.039">
  <properties/>
  <testcase name="testGetFactorials_InvalidInput_Zero()" classname="com.example.kollok_prep.KollokPrepApplicationTests" time="0.026"/>
  <testcase name="testGetFactorials_ValidInput()" classname="com.example.kollok_prep.KollokPrepApplicationTests" time="0.001"/>
  <testcase name="testGetFactorials_InvalidInput_Negative()" classname="com.example.kollok_prep.KollokPrepApplicationTests" time="0.006"/>
  <system-out><![CDATA[]]></system-out>
  <system-err><![CDATA[]]></system-err>
</testsuite>
